-------------------------------------------------------------------------------
Test set: com.howtodoinjava.rest.SampleIngerationTestClassIT
-------------------------------------------------------------------------------
Tests run: 1, Failures: 0, Errors: 1, Skipped: 0, Time elapsed: 0.187 s <<< FAILURE! - in com.howtodoinjava.rest.SampleIngerationTestClassIT
initializationError(com.howtodoinjava.rest.SampleIngerationTestClassIT)  Time elapsed: 0.003 s  <<< ERROR!
java.lang.Exception: Method init() should be static

